RadioVitrine.exe: 00001EB8: 05:58:27 []:>--------------------------------------------------------------<
RadioVitrine.exe: 00001EB8: 05:58:27 [TUniServerModule]:Server First Init.
RadioVitrine.exe: 00001EB8: 05:58:27 [TUniServerModule]:Erasing Cache Folder...
RadioVitrine.exe: 00001EB8: 05:58:27 [TUniServerModule]:Cache Folder Erased. <1> Files deleted.
RadioVitrine.exe: 00001EB8: 05:58:27 [TUniServerModule]:Starting HTTP Server...
RadioVitrine.exe: 00001EB8: 05:58:27 [TUniServerModule]:HTTP Server Started. Port: 2329
RadioVitrine.exe: 0000156C: 06:03:17 []:>--------------------------------------------------------------<
RadioVitrine.exe: 0000156C: 06:03:17 [TUniServerModule]:Server First Init.
RadioVitrine.exe: 0000156C: 06:03:17 [TUniServerModule]:Erasing Cache Folder...
RadioVitrine.exe: 0000156C: 06:03:17 [TUniServerModule]:Cache Folder Erased. <1> Files deleted.
RadioVitrine.exe: 0000156C: 06:03:17 [TUniServerModule]:Starting HTTP Server...
RadioVitrine.exe: 0000156C: 06:03:17 [InitWebServer]:EIdCouldNotBindSocket : Could not bind socket. Address and port are already in use. : Addr: $006A034E
RadioVitrine.exe: 0000156C: 06:03:52 [TUniServerModule]:Shutting Down Server.
RadioVitrine.exe: 0000156C: 06:03:52 [TUniServerModule]:HTTP Server Stopped.
RadioVitrine.exe: 0000156C: 06:03:52 [TUniGUISessionManager]:Terminating Session manager.
RadioVitrine.exe: 0000156C: 06:03:52 [TUniGUISessionManager]:Stopping Cache Eraser...
RadioVitrine.exe: 0000156C: 06:03:52 [TUniGUISessionManager]:Cache Eraser Stopped.
RadioVitrine.exe: 0000156C: 06:03:52 [TUniGUISessionManager]:Destroying Worker Threads.
RadioVitrine.exe: 0000156C: 06:03:52 [TUniGUISessionManager]:Session manager terminated.
RadioVitrine.exe: 0000156C: 06:03:52 [TUniServerModule]:Server Shutdown Completed.
RadioVitrine.exe: 0000156C: 06:03:52 []:<-------------------------------------------------------------->
RadioVitrine.exe: 0000156C: 06:03:52 [Terminated]:Exit Code: 0
RadioVitrine.exe: 00001EB8: 06:04:02 [TUniServerModule]:Shutting Down Server.
RadioVitrine.exe: 00001EB8: 06:04:02 [TUniServerModule]:HTTP Server Stopped.
RadioVitrine.exe: 00001EB8: 06:04:02 [TUniGUISessionManager]:Terminating Session manager.
RadioVitrine.exe: 00001EB8: 06:04:02 [TUniGUISessionManager]:Stopping Cache Eraser...
RadioVitrine.exe: 00001EB8: 06:04:02 [TUniGUISessionManager]:Cache Eraser Stopped.
RadioVitrine.exe: 00001EB8: 06:04:02 [TUniGUISessionManager]:Destroying Worker Threads.
RadioVitrine.exe: 00001EB8: 06:04:03 [TUniGUISessionManager]:Session manager terminated.
RadioVitrine.exe: 00001EB8: 06:04:03 [TUniServerModule]:Server Shutdown Completed.
RadioVitrine.exe: 00001EB8: 06:04:03 []:<-------------------------------------------------------------->
RadioVitrine.exe: 00001EB8: 06:04:03 [Terminated]:Exit Code: 0
RadioVitrine.exe: 00001F04: 06:04:10 []:>--------------------------------------------------------------<
RadioVitrine.exe: 00001F04: 06:04:10 [TUniServerModule]:Server First Init.
RadioVitrine.exe: 00001F04: 06:04:10 [TUniServerModule]:Erasing Cache Folder...
RadioVitrine.exe: 00001F04: 06:04:10 [TUniServerModule]:Cache Folder Erased. <0> Files deleted.
RadioVitrine.exe: 00001F04: 06:04:10 [TUniServerModule]:Starting HTTP Server...
RadioVitrine.exe: 00001F04: 06:04:10 [TUniServerModule]:HTTP Server Started. Port: 8077
RadioVitrine.exe: 00001F04: 06:09:09 [TUniServerModule]:Shutting Down Server.
RadioVitrine.exe: 00001F04: 06:09:10 [TUniServerModule]:HTTP Server Stopped.
RadioVitrine.exe: 00001F04: 06:09:10 [TUniGUISessionManager]:Terminating Session manager.
RadioVitrine.exe: 00001F04: 06:09:10 [TUniGUISessionManager]:Stopping Cache Eraser...
RadioVitrine.exe: 00001F04: 06:09:10 [TUniGUISessionManager]:Cache Eraser Stopped.
RadioVitrine.exe: 00001F04: 06:09:10 [TUniGUISessionManager]:Destroying Worker Threads.
RadioVitrine.exe: 00001F04: 06:09:10 [TUniGUISessionManager]:Session manager terminated.
RadioVitrine.exe: 00001F04: 06:09:10 [TUniServerModule]:Server Shutdown Completed.
RadioVitrine.exe: 00001F04: 06:09:10 []:<-------------------------------------------------------------->
RadioVitrine.exe: 00001F04: 06:09:10 [Terminated]:Exit Code: 0
RadioVitrine.exe: 000019E0: 06:23:46 []:>--------------------------------------------------------------<
RadioVitrine.exe: 000019E0: 06:23:46 [TUniServerModule]:Server First Init.
RadioVitrine.exe: 000019E0: 06:23:46 [TUniServerModule]:Erasing Cache Folder...
RadioVitrine.exe: 000019E0: 06:23:46 [TUniServerModule]:Cache Folder Erased. <0> Files deleted.
RadioVitrine.exe: 000019E0: 06:23:46 [TUniServerModule]:Starting HTTP Server...
RadioVitrine.exe: 000019E0: 06:23:46 [TUniServerModule]:HTTP Server Started. Port: 8077
RadioVitrine.exe: 00001514: 06:23:57 [127.0.0.1]:EUniSessionException : Invalid session or session Timeout. : Addr: $00780AD5
RadioVitrine.exe: 000019E0: 06:25:07 [TUniServerModule]:Shutting Down Server.
RadioVitrine.exe: 000019E0: 06:25:07 [TUniServerModule]:HTTP Server Stopped.
RadioVitrine.exe: 000019E0: 06:25:07 [TUniGUISessionManager]:Terminating Session manager.
RadioVitrine.exe: 000019E0: 06:25:07 [TUniGUISessionManager]:Stopping Cache Eraser...
RadioVitrine.exe: 000019E0: 06:25:07 [TUniGUISessionManager]:Cache Eraser Stopped.
RadioVitrine.exe: 000019E0: 06:25:07 [TUniGUISessionManager]:Destroying Worker Threads.
RadioVitrine.exe: 000019E0: 06:25:08 [TUniGUISessionManager]:Session manager terminated.
RadioVitrine.exe: 000019E0: 06:25:08 [TUniServerModule]:Server Shutdown Completed.
RadioVitrine.exe: 000019E0: 06:25:08 []:<-------------------------------------------------------------->
RadioVitrine.exe: 000019E0: 06:25:08 [Terminated]:Exit Code: 0
RadioVitrine.exe: 00000A44: 06:29:03 []:>--------------------------------------------------------------<
RadioVitrine.exe: 00000A44: 06:29:03 [TUniServerModule]:Server First Init.
RadioVitrine.exe: 00000A44: 06:29:03 [TUniServerModule]:Erasing Cache Folder...
RadioVitrine.exe: 00000A44: 06:29:03 [TUniServerModule]:Cache Folder Erased. <0> Files deleted.
RadioVitrine.exe: 00000A44: 06:29:03 [TUniServerModule]:Starting HTTP Server...
RadioVitrine.exe: 00000A44: 06:29:03 [TUniServerModule]:HTTP Server Started. Port: 8077
RadioVitrine.exe: 00001B60: 06:29:10 [127.0.0.1]:EUniSessionException : Invalid session or session Timeout. : Addr: $00780AD5
RadioVitrine.exe: 00000E18: 06:31:00 [127.0.0.1]:EConvertError : 'FREITAS' is not a valid date : Addr: $00423FA2
RadioVitrine.exe: 00000A44: 06:31:35 [TUniServerModule]:Shutting Down Server.
RadioVitrine.exe: 00000A44: 06:31:35 [TUniServerModule]:HTTP Server Stopped.
RadioVitrine.exe: 00000A44: 06:31:35 [TUniGUISessionManager]:Terminating Session manager.
RadioVitrine.exe: 00000A44: 06:31:35 [TUniGUISessionManager]:Stopping Cache Eraser...
RadioVitrine.exe: 00000A44: 06:31:35 [TUniGUISessionManager]:Cache Eraser Stopped.
RadioVitrine.exe: 00000A44: 06:31:35 [TUniGUISessionManager]:Destroying Worker Threads.
RadioVitrine.exe: 00000A44: 06:31:35 [TUniGUISessionManager]:Session manager terminated.
RadioVitrine.exe: 00000A44: 06:31:35 [TUniServerModule]:Server Shutdown Completed.
RadioVitrine.exe: 00000A44: 06:31:35 []:<-------------------------------------------------------------->
RadioVitrine.exe: 00000A44: 06:31:35 [Terminated]:Exit Code: 0
RadioVitrine.exe: 00001AD4: 06:32:24 []:>--------------------------------------------------------------<
RadioVitrine.exe: 00001AD4: 06:32:24 [TUniServerModule]:Server First Init.
RadioVitrine.exe: 00001AD4: 06:32:24 [TUniServerModule]:Erasing Cache Folder...
RadioVitrine.exe: 00001AD4: 06:32:24 [TUniServerModule]:Cache Folder Erased. <0> Files deleted.
RadioVitrine.exe: 00001AD4: 06:32:24 [TUniServerModule]:Starting HTTP Server...
RadioVitrine.exe: 00001AD4: 06:32:24 [TUniServerModule]:HTTP Server Started. Port: 8077
RadioVitrine.exe: 0000180C: 06:32:26 [127.0.0.1]:EUniSessionException : Invalid session or session Timeout. : Addr: $00780AD5
RadioVitrine.exe: 00001AD4: 06:42:00 [TUniServerModule]:Shutting Down Server.
RadioVitrine.exe: 00001AD4: 06:42:00 [TUniServerModule]:HTTP Server Stopped.
RadioVitrine.exe: 00001AD4: 06:42:00 [TUniGUISessionManager]:Terminating Session manager.
RadioVitrine.exe: 00001AD4: 06:42:00 [TUniGUISessionManager]:Stopping Cache Eraser...
RadioVitrine.exe: 00001AD4: 06:42:00 [TUniGUISessionManager]:Cache Eraser Stopped.
RadioVitrine.exe: 00001AD4: 06:42:00 [TUniGUISessionManager]:Destroying Worker Threads.
RadioVitrine.exe: 00001AD4: 06:42:01 [TUniGUISessionManager]:Session manager terminated.
RadioVitrine.exe: 00001AD4: 06:42:01 [TUniServerModule]:Server Shutdown Completed.
RadioVitrine.exe: 00001AD4: 06:42:01 []:<-------------------------------------------------------------->
RadioVitrine.exe: 00001AD4: 06:42:01 [Terminated]:Exit Code: 0
RadioVitrine.exe: 00001C10: 06:42:38 []:>--------------------------------------------------------------<
RadioVitrine.exe: 00001C10: 06:42:38 [TUniServerModule]:Server First Init.
RadioVitrine.exe: 00001C10: 06:42:38 [TUniServerModule]:Erasing Cache Folder...
RadioVitrine.exe: 00001C10: 06:42:38 [TUniServerModule]:Cache Folder Erased. <0> Files deleted.
RadioVitrine.exe: 00001C10: 06:42:38 [TUniServerModule]:Starting HTTP Server...
RadioVitrine.exe: 00001C10: 06:42:38 [TUniServerModule]:HTTP Server Started. Port: 8077
RadioVitrine.exe: 0000111C: 06:42:57 [127.0.0.1]:EUniSessionException : Invalid session or session Timeout. : Addr: $00780AD5
RadioVitrine.exe: 00001C10: 06:49:03 [TUniServerModule]:Shutting Down Server.
RadioVitrine.exe: 00001C10: 06:49:04 [TUniServerModule]:HTTP Server Stopped.
RadioVitrine.exe: 00001C10: 06:49:04 [TUniGUISessionManager]:Terminating Session manager.
RadioVitrine.exe: 00001C10: 06:49:04 [TUniGUISessionManager]:Stopping Cache Eraser...
RadioVitrine.exe: 00001C10: 06:49:04 [TUniGUISessionManager]:Cache Eraser Stopped.
RadioVitrine.exe: 00001C10: 06:49:04 [TUniGUISessionManager]:Destroying Worker Threads.
RadioVitrine.exe: 00001C10: 06:49:04 [TUniGUISessionManager]:Session manager terminated.
RadioVitrine.exe: 00001C10: 06:49:04 [TUniServerModule]:Server Shutdown Completed.
RadioVitrine.exe: 00001C10: 06:49:04 []:<-------------------------------------------------------------->
RadioVitrine.exe: 00001C10: 06:49:04 [Terminated]:Exit Code: 0
RadioVitrine.exe: 00000B08: 06:50:10 []:>--------------------------------------------------------------<
RadioVitrine.exe: 00000B08: 06:50:10 [TUniServerModule]:Server First Init.
RadioVitrine.exe: 00000B08: 06:50:10 [TUniServerModule]:Erasing Cache Folder...
RadioVitrine.exe: 00000B08: 06:50:10 [TUniServerModule]:Cache Folder Erased. <0> Files deleted.
RadioVitrine.exe: 00000B08: 06:50:10 [TUniServerModule]:Starting HTTP Server...
RadioVitrine.exe: 00000B08: 06:50:10 [TUniServerModule]:HTTP Server Started. Port: 8077
RadioVitrine.exe: 00001870: 06:50:15 [127.0.0.1]:EUniSessionException : Invalid session or session Timeout. : Addr: $00780AD5
RadioVitrine.exe: 000005C0: 06:51:06 [127.0.0.1]:EDatabaseError : TBfuncionario: Cannot perform this operation on a closed dataset : Addr: $00622C7E
RadioVitrine.exe: 00000B08: 06:52:21 [TUniServerModule]:Shutting Down Server.
RadioVitrine.exe: 00000B08: 06:52:21 [TUniServerModule]:HTTP Server Stopped.
RadioVitrine.exe: 00000B08: 06:52:21 [TUniGUISessionManager]:Terminating Session manager.
RadioVitrine.exe: 00000B08: 06:52:21 [TUniGUISessionManager]:Stopping Cache Eraser...
RadioVitrine.exe: 00000B08: 06:52:21 [TUniGUISessionManager]:Cache Eraser Stopped.
RadioVitrine.exe: 00000B08: 06:52:21 [TUniGUISessionManager]:Destroying Worker Threads.
RadioVitrine.exe: 00000B08: 06:52:21 [TUniGUISessionManager]:Session manager terminated.
RadioVitrine.exe: 00000B08: 06:52:21 [TUniServerModule]:Server Shutdown Completed.
RadioVitrine.exe: 00000B08: 06:52:21 []:<-------------------------------------------------------------->
RadioVitrine.exe: 00000B08: 06:52:21 [Terminated]:Exit Code: 0
RadioVitrine.exe: 00000940: 06:52:28 []:>--------------------------------------------------------------<
RadioVitrine.exe: 00000940: 06:52:28 [TUniServerModule]:Server First Init.
RadioVitrine.exe: 00000940: 06:52:28 [TUniServerModule]:Erasing Cache Folder...
RadioVitrine.exe: 00000940: 06:52:28 [TUniServerModule]:Cache Folder Erased. <0> Files deleted.
RadioVitrine.exe: 00000940: 06:52:28 [TUniServerModule]:Starting HTTP Server...
RadioVitrine.exe: 00000940: 06:52:28 [TUniServerModule]:HTTP Server Started. Port: 8077
RadioVitrine.exe: 00001F58: 06:52:37 [127.0.0.1]:EUniSessionException : Invalid session or session Timeout. : Addr: $00780AD5
RadioVitrine.exe: 00000940: 06:53:34 [TUniServerModule]:Shutting Down Server.
RadioVitrine.exe: 00000940: 06:53:35 [TUniServerModule]:HTTP Server Stopped.
RadioVitrine.exe: 00000940: 06:53:35 [TUniGUISessionManager]:Terminating Session manager.
RadioVitrine.exe: 00000940: 06:53:35 [TUniGUISessionManager]:Stopping Cache Eraser...
RadioVitrine.exe: 00000940: 06:53:35 [TUniGUISessionManager]:Cache Eraser Stopped.
RadioVitrine.exe: 00000940: 06:53:35 [TUniGUISessionManager]:Destroying Worker Threads.
RadioVitrine.exe: 00000940: 06:53:35 [TUniGUISessionManager]:Session manager terminated.
RadioVitrine.exe: 00000940: 06:53:35 [TUniServerModule]:Server Shutdown Completed.
RadioVitrine.exe: 00000940: 06:53:35 []:<-------------------------------------------------------------->
RadioVitrine.exe: 00000940: 06:53:35 [Terminated]:Exit Code: 0
RadioVitrine.exe: 00000DE0: 06:53:40 []:>--------------------------------------------------------------<
RadioVitrine.exe: 00000DE0: 06:53:40 [TUniServerModule]:Server First Init.
RadioVitrine.exe: 00000DE0: 06:53:40 [TUniServerModule]:Erasing Cache Folder...
RadioVitrine.exe: 00000DE0: 06:53:40 [TUniServerModule]:Cache Folder Erased. <0> Files deleted.
RadioVitrine.exe: 00000DE0: 06:53:40 [TUniServerModule]:Starting HTTP Server...
RadioVitrine.exe: 00000DE0: 06:53:40 [TUniServerModule]:HTTP Server Started. Port: 8077
RadioVitrine.exe: 00001838: 06:55:06 [127.0.0.1]:EUniSessionException : Invalid session or session Timeout. : Addr: $00780AD5
RadioVitrine.exe: 00000DE0: 07:00:03 [TUniServerModule]:Shutting Down Server.
RadioVitrine.exe: 00000DE0: 07:00:04 [TUniServerModule]:HTTP Server Stopped.
RadioVitrine.exe: 00000DE0: 07:00:04 [TUniGUISessionManager]:Terminating Session manager.
RadioVitrine.exe: 00000DE0: 07:00:04 [TUniGUISessionManager]:Stopping Cache Eraser...
RadioVitrine.exe: 00000DE0: 07:00:04 [TUniGUISessionManager]:Cache Eraser Stopped.
RadioVitrine.exe: 00000DE0: 07:00:04 [TUniGUISessionManager]:Destroying Worker Threads.
RadioVitrine.exe: 00000DE0: 07:00:04 [TUniGUISessionManager]:Session manager terminated.
RadioVitrine.exe: 00000DE0: 07:00:04 [TUniServerModule]:Server Shutdown Completed.
RadioVitrine.exe: 00000DE0: 07:00:04 []:<-------------------------------------------------------------->
RadioVitrine.exe: 00000DE0: 07:00:04 [Terminated]:Exit Code: 0
RadioVitrine.exe: 00001D30: 07:00:10 []:>--------------------------------------------------------------<
RadioVitrine.exe: 00001D30: 07:00:10 [TUniServerModule]:Server First Init.
RadioVitrine.exe: 00001D30: 07:00:10 [TUniServerModule]:Erasing Cache Folder...
RadioVitrine.exe: 00001D30: 07:00:10 [TUniServerModule]:Cache Folder Erased. <0> Files deleted.
RadioVitrine.exe: 00001D30: 07:00:10 [TUniServerModule]:Starting HTTP Server...
RadioVitrine.exe: 00001D30: 07:00:10 [TUniServerModule]:HTTP Server Started. Port: 8077
RadioVitrine.exe: 0000028C: 07:00:14 [127.0.0.1]:EUniSessionException : Invalid session or session Timeout. : Addr: $00780AD5
RadioVitrine.exe: 00001B50: 07:00:18 [127.0.0.1]:EDatabaseError : UniDBText7: Field 'NUMERO' not found : Addr: $00622C7E
RadioVitrine.exe: 00001D30: 07:00:50 [TUniServerModule]:Shutting Down Server.
RadioVitrine.exe: 00001D30: 07:00:50 [TUniServerModule]:HTTP Server Stopped.
RadioVitrine.exe: 00001D30: 07:00:50 [TUniGUISessionManager]:Terminating Session manager.
RadioVitrine.exe: 00001D30: 07:00:50 [TUniGUISessionManager]:Stopping Cache Eraser...
RadioVitrine.exe: 00001D30: 07:00:50 [TUniGUISessionManager]:Cache Eraser Stopped.
RadioVitrine.exe: 00001D30: 07:00:50 [TUniGUISessionManager]:Destroying Worker Threads.
RadioVitrine.exe: 00001D30: 07:00:50 [TUniGUISessionManager]:Session manager terminated.
RadioVitrine.exe: 00001D30: 07:00:50 [TUniServerModule]:Server Shutdown Completed.
RadioVitrine.exe: 00001D30: 07:00:50 []:<-------------------------------------------------------------->
RadioVitrine.exe: 00001D30: 07:00:50 [Terminated]:Exit Code: 0
RadioVitrine.exe: 00001C34: 07:00:54 []:>--------------------------------------------------------------<
RadioVitrine.exe: 00001C34: 07:00:54 [TUniServerModule]:Server First Init.
RadioVitrine.exe: 00001C34: 07:00:54 [TUniServerModule]:Erasing Cache Folder...
RadioVitrine.exe: 00001C34: 07:00:54 [TUniServerModule]:Cache Folder Erased. <0> Files deleted.
RadioVitrine.exe: 00001C34: 07:00:54 [TUniServerModule]:Starting HTTP Server...
RadioVitrine.exe: 00001C34: 07:00:54 [TUniServerModule]:HTTP Server Started. Port: 8077
RadioVitrine.exe: 00001A84: 07:01:00 [127.0.0.1]:EUniSessionException : Invalid session or session Timeout. : Addr: $00780AD5
RadioVitrine.exe: 00001F90: 07:01:12 [127.0.0.1]:EDatabaseError : TBcliente: Cannot perform this operation on a closed dataset : Addr: $00622C7E
RadioVitrine.exe: 00001C34: 07:02:49 [TUniServerModule]:Shutting Down Server.
RadioVitrine.exe: 00001C34: 07:02:49 [TUniServerModule]:HTTP Server Stopped.
RadioVitrine.exe: 00001C34: 07:02:49 [TUniGUISessionManager]:Terminating Session manager.
RadioVitrine.exe: 00001C34: 07:02:49 [TUniGUISessionManager]:Stopping Cache Eraser...
RadioVitrine.exe: 00001C34: 07:02:49 [TUniGUISessionManager]:Cache Eraser Stopped.
RadioVitrine.exe: 00001C34: 07:02:49 [TUniGUISessionManager]:Destroying Worker Threads.
RadioVitrine.exe: 00001C34: 07:02:49 [TUniGUISessionManager]:Session manager terminated.
RadioVitrine.exe: 00001C34: 07:02:49 [TUniServerModule]:Server Shutdown Completed.
RadioVitrine.exe: 00001C34: 07:02:49 []:<-------------------------------------------------------------->
RadioVitrine.exe: 00001C34: 07:02:49 [Terminated]:Exit Code: 0
RadioVitrine.exe: 000016E4: 07:03:53 []:>--------------------------------------------------------------<
RadioVitrine.exe: 000016E4: 07:03:53 [TUniServerModule]:Server First Init.
RadioVitrine.exe: 000016E4: 07:03:53 [TUniServerModule]:Erasing Cache Folder...
RadioVitrine.exe: 000016E4: 07:03:53 [TUniServerModule]:Cache Folder Erased. <0> Files deleted.
RadioVitrine.exe: 000016E4: 07:03:53 [TUniServerModule]:Starting HTTP Server...
RadioVitrine.exe: 000016E4: 07:03:53 [TUniServerModule]:HTTP Server Started. Port: 8077
RadioVitrine.exe: 000015E8: 07:04:01 [127.0.0.1]:EUniSessionException : Invalid session or session Timeout. : Addr: $00780AD5
RadioVitrine.exe: 000016E4: 07:08:52 [TUniServerModule]:Shutting Down Server.
RadioVitrine.exe: 000016E4: 07:08:53 [TUniServerModule]:HTTP Server Stopped.
RadioVitrine.exe: 000016E4: 07:08:53 [TUniGUISessionManager]:Terminating Session manager.
RadioVitrine.exe: 000016E4: 07:08:53 [TUniGUISessionManager]:Stopping Cache Eraser...
RadioVitrine.exe: 000016E4: 07:08:53 [TUniGUISessionManager]:Cache Eraser Stopped.
RadioVitrine.exe: 000016E4: 07:08:53 [TUniGUISessionManager]:Destroying Worker Threads.
RadioVitrine.exe: 000016E4: 07:08:53 [TUniGUISessionManager]:Session manager terminated.
RadioVitrine.exe: 000016E4: 07:08:53 [TUniServerModule]:Server Shutdown Completed.
RadioVitrine.exe: 000016E4: 07:08:53 []:<-------------------------------------------------------------->
RadioVitrine.exe: 000016E4: 07:08:53 [Terminated]:Exit Code: 0
RadioVitrine.exe: 00001040: 07:08:57 []:>--------------------------------------------------------------<
RadioVitrine.exe: 00001040: 07:08:57 [TUniServerModule]:Server First Init.
RadioVitrine.exe: 00001040: 07:08:57 [TUniServerModule]:Erasing Cache Folder...
RadioVitrine.exe: 00001040: 07:08:57 [TUniServerModule]:Cache Folder Erased. <0> Files deleted.
RadioVitrine.exe: 00001040: 07:08:58 [TUniServerModule]:Starting HTTP Server...
RadioVitrine.exe: 00001040: 07:08:58 [TUniServerModule]:HTTP Server Started. Port: 8077
RadioVitrine.exe: 00001DA0: 07:09:11 [127.0.0.1]:EUniSessionException : Invalid session or session Timeout. : Addr: $00780AD5
RadioVitrine.exe: 00001040: 07:12:40 [TUniServerModule]:Shutting Down Server.
RadioVitrine.exe: 00001040: 07:12:41 [TUniServerModule]:HTTP Server Stopped.
RadioVitrine.exe: 00001040: 07:12:41 [TUniGUISessionManager]:Terminating Session manager.
RadioVitrine.exe: 00001040: 07:12:41 [TUniGUISessionManager]:Stopping Cache Eraser...
RadioVitrine.exe: 00001040: 07:12:41 [TUniGUISessionManager]:Cache Eraser Stopped.
RadioVitrine.exe: 00001040: 07:12:41 [TUniGUISessionManager]:Destroying Worker Threads.
RadioVitrine.exe: 00001040: 07:12:41 [TUniGUISessionManager]:Session manager terminated.
RadioVitrine.exe: 00001040: 07:12:41 [TUniServerModule]:Server Shutdown Completed.
RadioVitrine.exe: 00001040: 07:12:41 []:<-------------------------------------------------------------->
RadioVitrine.exe: 00001040: 07:12:41 [Terminated]:Exit Code: 0
RadioVitrine.exe: 00001868: 07:15:17 []:>--------------------------------------------------------------<
RadioVitrine.exe: 00001868: 07:15:17 [TUniServerModule]:Server First Init.
RadioVitrine.exe: 00001868: 07:15:17 [TUniServerModule]:Erasing Cache Folder...
RadioVitrine.exe: 00001868: 07:15:17 [TUniServerModule]:Cache Folder Erased. <0> Files deleted.
RadioVitrine.exe: 00001868: 07:15:17 [TUniServerModule]:Starting HTTP Server...
RadioVitrine.exe: 00001868: 07:15:17 [TUniServerModule]:HTTP Server Started. Port: 8077
RadioVitrine.exe: 00001CF4: 07:15:22 [127.0.0.1]:EUniSessionException : Invalid session or session Timeout. : Addr: $00780AD5
RadioVitrine.exe: 00000EEC: 07:16:58 [127.0.0.1]:EConvertError : '12;/03/1978' is not a valid date : Addr: $00423FA2
RadioVitrine.exe: 00001444: 07:17:44 [127.0.0.1]:EDatabaseError : Field 'ID_FUNCIONARIO' must have a value : Addr: $00622C93
RadioVitrine.exe: 00001868: 07:19:42 [TUniServerModule]:Shutting Down Server.
RadioVitrine.exe: 00001868: 07:19:42 [TUniServerModule]:HTTP Server Stopped.
RadioVitrine.exe: 00001868: 07:19:42 [TUniGUISessionManager]:Terminating Session manager.
RadioVitrine.exe: 00001868: 07:19:42 [TUniGUISessionManager]:Stopping Cache Eraser...
RadioVitrine.exe: 00001868: 07:19:42 [TUniGUISessionManager]:Cache Eraser Stopped.
RadioVitrine.exe: 00001868: 07:19:42 [TUniGUISessionManager]:Destroying Worker Threads.
RadioVitrine.exe: 00001868: 07:19:42 [TUniGUISessionManager]:Session manager terminated.
RadioVitrine.exe: 00001868: 07:19:42 [TUniServerModule]:Server Shutdown Completed.
RadioVitrine.exe: 00001868: 07:19:42 []:<-------------------------------------------------------------->
RadioVitrine.exe: 00001868: 07:19:42 [Terminated]:Exit Code: 0
RadioVitrine.exe: 00000EAC: 07:19:46 []:>--------------------------------------------------------------<
RadioVitrine.exe: 00000EAC: 07:19:46 [TUniServerModule]:Server First Init.
RadioVitrine.exe: 00000EAC: 07:19:46 [TUniServerModule]:Erasing Cache Folder...
RadioVitrine.exe: 00000EAC: 07:19:46 [TUniServerModule]:Cache Folder Erased. <0> Files deleted.
RadioVitrine.exe: 00000EAC: 07:19:46 [TUniServerModule]:Starting HTTP Server...
RadioVitrine.exe: 00000EAC: 07:19:46 [TUniServerModule]:HTTP Server Started. Port: 8077
RadioVitrine.exe: 000019E4: 07:19:54 [127.0.0.1]:EUniSessionException : Invalid session or session Timeout. : Addr: $00780AD5
RadioVitrine.exe: 00000EAC: 07:26:57 [TUniServerModule]:Shutting Down Server.
RadioVitrine.exe: 00000EAC: 07:26:57 [TUniServerModule]:HTTP Server Stopped.
RadioVitrine.exe: 00000EAC: 07:26:57 [TUniGUISessionManager]:Terminating Session manager.
RadioVitrine.exe: 00000EAC: 07:26:57 [TUniGUISessionManager]:Stopping Cache Eraser...
RadioVitrine.exe: 00000EAC: 07:26:57 [TUniGUISessionManager]:Cache Eraser Stopped.
RadioVitrine.exe: 00000EAC: 07:26:57 [TUniGUISessionManager]:Destroying Worker Threads.
RadioVitrine.exe: 00000EAC: 07:26:57 [TUniGUISessionManager]:Session manager terminated.
RadioVitrine.exe: 00000EAC: 07:26:57 [TUniServerModule]:Server Shutdown Completed.
RadioVitrine.exe: 00000EAC: 07:26:57 []:<-------------------------------------------------------------->
RadioVitrine.exe: 00000EAC: 07:26:57 [Terminated]:Exit Code: 0
RadioVitrine.exe: 00001AEC: 07:27:03 []:>--------------------------------------------------------------<
RadioVitrine.exe: 00001AEC: 07:27:03 [TUniServerModule]:Server First Init.
RadioVitrine.exe: 00001AEC: 07:27:03 [TUniServerModule]:Erasing Cache Folder...
RadioVitrine.exe: 00001AEC: 07:27:03 [TUniServerModule]:Cache Folder Erased. <0> Files deleted.
RadioVitrine.exe: 00001AEC: 07:27:03 [TUniServerModule]:Starting HTTP Server...
RadioVitrine.exe: 00001AEC: 07:27:03 [TUniServerModule]:HTTP Server Started. Port: 8077
RadioVitrine.exe: 000012DC: 07:27:07 [127.0.0.1]:EUniSessionException : Invalid session or session Timeout. : Addr: $00780AD5
RadioVitrine.exe: 000017F4: 07:28:33 [127.0.0.1]:EDatabaseError : Field 'ID_CONTRATO' must have a value : Addr: $00622C93
RadioVitrine.exe: 0000098C: 07:28:40 [127.0.0.1]:EDatabaseError : TBcontrato: Field '' not found : Addr: $00622C7E
RadioVitrine.exe: 00001AEC: 07:30:38 [TUniServerModule]:Shutting Down Server.
RadioVitrine.exe: 00001AEC: 07:30:38 [TUniServerModule]:HTTP Server Stopped.
RadioVitrine.exe: 00001AEC: 07:30:38 [TUniGUISessionManager]:Terminating Session manager.
RadioVitrine.exe: 00001AEC: 07:30:38 [TUniGUISessionManager]:Stopping Cache Eraser...
RadioVitrine.exe: 00001AEC: 07:30:38 [TUniGUISessionManager]:Cache Eraser Stopped.
RadioVitrine.exe: 00001AEC: 07:30:38 [TUniGUISessionManager]:Destroying Worker Threads.
RadioVitrine.exe: 00001AEC: 07:30:38 [TUniGUISessionManager]:Session manager terminated.
RadioVitrine.exe: 00001AEC: 07:30:38 [TUniServerModule]:Server Shutdown Completed.
RadioVitrine.exe: 00001AEC: 07:30:38 []:<-------------------------------------------------------------->
RadioVitrine.exe: 00001AEC: 07:30:38 [Terminated]:Exit Code: 0
RadioVitrine.exe: 00001A94: 07:30:43 []:>--------------------------------------------------------------<
RadioVitrine.exe: 00001A94: 07:30:43 [TUniServerModule]:Server First Init.
RadioVitrine.exe: 00001A94: 07:30:43 [TUniServerModule]:Erasing Cache Folder...
RadioVitrine.exe: 00001A94: 07:30:43 [TUniServerModule]:Cache Folder Erased. <0> Files deleted.
RadioVitrine.exe: 00001A94: 07:30:43 [TUniServerModule]:Starting HTTP Server...
RadioVitrine.exe: 00001A94: 07:30:43 [TUniServerModule]:HTTP Server Started. Port: 8077
RadioVitrine.exe: 00001E20: 08:06:17 [127.0.0.1]:EUniSessionException : Invalid session or session Timeout. : Addr: $00780AD5
RadioVitrine.exe: 00001A94: 08:07:03 [TUniServerModule]:Shutting Down Server.
RadioVitrine.exe: 00001A94: 08:07:03 [TUniServerModule]:HTTP Server Stopped.
RadioVitrine.exe: 00001A94: 08:07:03 [TUniGUISessionManager]:Terminating Session manager.
RadioVitrine.exe: 00001A94: 08:07:03 [TUniGUISessionManager]:Stopping Cache Eraser...
RadioVitrine.exe: 00001A94: 08:07:03 [TUniGUISessionManager]:Cache Eraser Stopped.
RadioVitrine.exe: 00001A94: 08:07:03 [TUniGUISessionManager]:Destroying Worker Threads.
RadioVitrine.exe: 00001A94: 08:07:03 [TUniGUISessionManager]:Session manager terminated.
RadioVitrine.exe: 00001A94: 08:07:03 [TUniServerModule]:Server Shutdown Completed.
RadioVitrine.exe: 00001A94: 08:07:03 []:<-------------------------------------------------------------->
RadioVitrine.exe: 00001A94: 08:07:03 [Terminated]:Exit Code: 0
RadioVitrine.exe: 00001D5C: 08:07:08 []:>--------------------------------------------------------------<
RadioVitrine.exe: 00001D5C: 08:07:08 [TUniServerModule]:Server First Init.
RadioVitrine.exe: 00001D5C: 08:07:08 [TUniServerModule]:Erasing Cache Folder...
RadioVitrine.exe: 00001D5C: 08:07:08 [TUniServerModule]:Cache Folder Erased. <0> Files deleted.
RadioVitrine.exe: 00001D5C: 08:07:08 [TUniServerModule]:Starting HTTP Server...
RadioVitrine.exe: 00001D5C: 08:07:08 [TUniServerModule]:HTTP Server Started. Port: 8077
RadioVitrine.exe: 00001ACC: 08:07:32 [127.0.0.1]:EUniSessionException : Invalid session or session Timeout. : Addr: $00780AD5
RadioVitrine.exe: 00001D5C: 08:13:47 [TUniServerModule]:Shutting Down Server.
RadioVitrine.exe: 00001D5C: 08:13:47 [TUniServerModule]:HTTP Server Stopped.
RadioVitrine.exe: 00001D5C: 08:13:47 [TUniGUISessionManager]:Terminating Session manager.
RadioVitrine.exe: 00001D5C: 08:13:47 [TUniGUISessionManager]:Stopping Cache Eraser...
RadioVitrine.exe: 00001D5C: 08:13:47 [TUniGUISessionManager]:Cache Eraser Stopped.
RadioVitrine.exe: 00001D5C: 08:13:47 [TUniGUISessionManager]:Destroying Worker Threads.
RadioVitrine.exe: 00001D5C: 08:13:47 [TUniGUISessionManager]:Session manager terminated.
RadioVitrine.exe: 00001D5C: 08:13:47 [TUniServerModule]:Server Shutdown Completed.
RadioVitrine.exe: 00001D5C: 08:13:47 []:<-------------------------------------------------------------->
RadioVitrine.exe: 00001D5C: 08:13:47 [Terminated]:Exit Code: 0
RadioVitrine.exe: 00000F34: 08:18:34 []:>--------------------------------------------------------------<
RadioVitrine.exe: 00000F34: 08:18:34 [TUniServerModule]:Server First Init.
RadioVitrine.exe: 00000F34: 08:18:34 [TUniServerModule]:Erasing Cache Folder...
RadioVitrine.exe: 00000F34: 08:18:34 [TUniServerModule]:Cache Folder Erased. <0> Files deleted.
RadioVitrine.exe: 00000F34: 08:18:34 [TUniServerModule]:Starting HTTP Server...
RadioVitrine.exe: 00000F34: 08:18:34 [TUniServerModule]:HTTP Server Started. Port: 8077
RadioVitrine.exe: 00000CF0: 08:18:39 [127.0.0.1]:EUniSessionException : Invalid session or session Timeout. : Addr: $00780AD5
RadioVitrine.exe: 00000F34: 08:20:36 [TUniServerModule]:Shutting Down Server.
RadioVitrine.exe: 00000F34: 08:20:36 [TUniServerModule]:HTTP Server Stopped.
RadioVitrine.exe: 00000F34: 08:20:36 [TUniGUISessionManager]:Terminating Session manager.
RadioVitrine.exe: 00000F34: 08:20:36 [TUniGUISessionManager]:Stopping Cache Eraser...
RadioVitrine.exe: 00000F34: 08:20:36 [TUniGUISessionManager]:Cache Eraser Stopped.
RadioVitrine.exe: 00000F34: 08:20:36 [TUniGUISessionManager]:Destroying Worker Threads.
RadioVitrine.exe: 00000F34: 08:20:36 [TUniGUISessionManager]:Session manager terminated.
RadioVitrine.exe: 00000F34: 08:20:36 [TUniServerModule]:Server Shutdown Completed.
RadioVitrine.exe: 00000F34: 08:20:36 []:<-------------------------------------------------------------->
RadioVitrine.exe: 00000F34: 08:20:36 [Terminated]:Exit Code: 0
RadioVitrine.exe: 00001938: 08:20:41 []:>--------------------------------------------------------------<
RadioVitrine.exe: 00001938: 08:20:41 [TUniServerModule]:Server First Init.
RadioVitrine.exe: 00001938: 08:20:41 [TUniServerModule]:Erasing Cache Folder...
RadioVitrine.exe: 00001938: 08:20:41 [TUniServerModule]:Cache Folder Erased. <0> Files deleted.
RadioVitrine.exe: 00001938: 08:20:41 [TUniServerModule]:Starting HTTP Server...
RadioVitrine.exe: 00001938: 08:20:41 [TUniServerModule]:HTTP Server Started. Port: 8077
RadioVitrine.exe: 000012DC: 08:20:48 [127.0.0.1]:EUniSessionException : Invalid session or session Timeout. : Addr: $00780AD5
RadioVitrine.exe: 00001C60: 09:56:05 [127.0.0.1]:EUniSessionException : Invalid session or session Timeout. : Addr: $00780AD5
RadioVitrine.exe: 00001938: 09:56:23 [TUniServerModule]:Shutting Down Server.
RadioVitrine.exe: 00001938: 09:56:23 [TUniServerModule]:HTTP Server Stopped.
RadioVitrine.exe: 00001938: 09:56:23 [TUniGUISessionManager]:Terminating Session manager.
RadioVitrine.exe: 00001938: 09:56:23 [TUniGUISessionManager]:Stopping Cache Eraser...
RadioVitrine.exe: 00001938: 09:56:24 [TUniGUISessionManager]:Cache Eraser Stopped.
RadioVitrine.exe: 00001938: 09:56:24 [TUniGUISessionManager]:Destroying Worker Threads.
RadioVitrine.exe: 00001938: 09:56:24 [TUniGUISessionManager]:Session manager terminated.
RadioVitrine.exe: 00001938: 09:56:24 [TUniServerModule]:Server Shutdown Completed.
RadioVitrine.exe: 00001938: 09:56:24 []:<-------------------------------------------------------------->
RadioVitrine.exe: 00001938: 09:56:24 [Terminated]:Exit Code: 0
RadioVitrine.exe: 00000BF0: 09:56:28 []:>--------------------------------------------------------------<
RadioVitrine.exe: 00000BF0: 09:56:28 [TUniServerModule]:Server First Init.
RadioVitrine.exe: 00000BF0: 09:56:28 [TUniServerModule]:Erasing Cache Folder...
RadioVitrine.exe: 00000BF0: 09:56:28 [TUniServerModule]:Cache Folder Erased. <0> Files deleted.
RadioVitrine.exe: 00000BF0: 09:56:28 [TUniServerModule]:Starting HTTP Server...
RadioVitrine.exe: 00000BF0: 09:56:28 [TUniServerModule]:HTTP Server Started. Port: 8077
RadioVitrine.exe: 00001930: 09:58:20 [127.0.0.1]:EUniSessionException : Invalid session or session Timeout. : Addr: $00780AD5
RadioVitrine.exe: 00000BF0: 09:59:03 [TUniServerModule]:Shutting Down Server.
RadioVitrine.exe: 00001220: 09:59:03 [Indy]:EIdNotConnected : Not Connected : Addr: $006A9112
RadioVitrine.exe: 00000BF0: 09:59:04 [TUniServerModule]:HTTP Server Stopped.
RadioVitrine.exe: 00000BF0: 09:59:04 [TUniGUISessionManager]:Terminating Session manager.
RadioVitrine.exe: 00000BF0: 09:59:04 [TUniGUISessionManager]:Stopping Cache Eraser...
RadioVitrine.exe: 00000BF0: 09:59:04 [TUniGUISessionManager]:Cache Eraser Stopped.
RadioVitrine.exe: 00000BF0: 09:59:04 [TUniGUISessionManager]:Destroying Worker Threads.
RadioVitrine.exe: 00000BF0: 09:59:04 [TUniGUISessionManager]:Session manager terminated.
RadioVitrine.exe: 00000BF0: 09:59:04 [TUniServerModule]:Server Shutdown Completed.
RadioVitrine.exe: 00000BF0: 09:59:04 []:<-------------------------------------------------------------->
RadioVitrine.exe: 00000BF0: 09:59:04 [Terminated]:Exit Code: 0
RadioVitrine.exe: 00001E00: 10:01:30 []:>--------------------------------------------------------------<
RadioVitrine.exe: 00001E00: 10:01:30 [TUniServerModule]:Server First Init.
RadioVitrine.exe: 00001E00: 10:01:30 [TUniServerModule]:Erasing Cache Folder...
RadioVitrine.exe: 00001E00: 10:01:30 [TUniServerModule]:Cache Folder Erased. <0> Files deleted.
RadioVitrine.exe: 00001E00: 10:01:30 [TUniServerModule]:Starting HTTP Server...
RadioVitrine.exe: 00001E00: 10:01:30 [TUniServerModule]:HTTP Server Started. Port: 8077
RadioVitrine.exe: 00001E00: 10:07:03 [TUniServerModule]:Shutting Down Server.
RadioVitrine.exe: 00001E00: 10:07:04 [TUniServerModule]:HTTP Server Stopped.
RadioVitrine.exe: 00001E00: 10:07:04 [TUniGUISessionManager]:Terminating Session manager.
RadioVitrine.exe: 00001E00: 10:07:04 [TUniGUISessionManager]:Stopping Cache Eraser...
RadioVitrine.exe: 00001E00: 10:07:04 [TUniGUISessionManager]:Cache Eraser Stopped.
RadioVitrine.exe: 00001E00: 10:07:04 [TUniGUISessionManager]:Destroying Worker Threads.
RadioVitrine.exe: 00001E00: 10:07:04 [TUniGUISessionManager]:Session manager terminated.
RadioVitrine.exe: 00001E00: 10:07:04 [TUniServerModule]:Server Shutdown Completed.
RadioVitrine.exe: 00001E00: 10:07:04 []:<-------------------------------------------------------------->
RadioVitrine.exe: 00001E00: 10:07:04 [Terminated]:Exit Code: 0
RadioVitrine.exe: 00000654: 10:07:09 []:>--------------------------------------------------------------<
RadioVitrine.exe: 00000654: 10:07:09 [TUniServerModule]:Server First Init.
RadioVitrine.exe: 00000654: 10:07:09 [TUniServerModule]:Erasing Cache Folder...
RadioVitrine.exe: 00000654: 10:07:09 [TUniServerModule]:Cache Folder Erased. <0> Files deleted.
RadioVitrine.exe: 00000654: 10:07:09 [TUniServerModule]:Starting HTTP Server...
RadioVitrine.exe: 00000654: 10:07:09 [TUniServerModule]:HTTP Server Started. Port: 8077
RadioVitrine.exe: 00000654: 11:03:34 [TUniServerModule]:Shutting Down Server.
RadioVitrine.exe: 00001F24: 11:03:35 [Indy]:EIdNotConnected : Not Connected : Addr: $006A9112
RadioVitrine.exe: 00000AC4: 11:03:35 [Indy]:EIdNotConnected : Not Connected : Addr: $006A9112
RadioVitrine.exe: 00000654: 11:03:35 [TUniServerModule]:HTTP Server Stopped.
RadioVitrine.exe: 00000654: 11:03:35 [TUniGUISessionManager]:Terminating Session manager.
RadioVitrine.exe: 00000654: 11:03:35 [TUniGUISessionManager]:Stopping Cache Eraser...
RadioVitrine.exe: 00000654: 11:03:35 [TUniGUISessionManager]:Cache Eraser Stopped.
RadioVitrine.exe: 00000654: 11:03:35 [TUniGUISessionManager]:Destroying Worker Threads.
RadioVitrine.exe: 00000654: 11:03:35 [TUniGUISessionManager]:Session manager terminated.
RadioVitrine.exe: 00000654: 11:03:35 [TUniServerModule]:Server Shutdown Completed.
RadioVitrine.exe: 00000654: 11:03:35 []:<-------------------------------------------------------------->
RadioVitrine.exe: 00000654: 11:03:35 [Terminated]:Exit Code: 0
RadioVitrine.exe: 00001948: 11:03:39 []:>--------------------------------------------------------------<
RadioVitrine.exe: 00001948: 11:03:39 [TUniServerModule]:Server First Init.
RadioVitrine.exe: 00001948: 11:03:39 [TUniServerModule]:Erasing Cache Folder...
RadioVitrine.exe: 00001948: 11:03:39 [TUniServerModule]:Cache Folder Erased. <0> Files deleted.
RadioVitrine.exe: 00001948: 11:03:39 [TUniServerModule]:Starting HTTP Server...
RadioVitrine.exe: 00001948: 11:03:39 [TUniServerModule]:HTTP Server Started. Port: 8077
RadioVitrine.exe: 00001A94: 11:03:52 [127.0.0.1]:EDatabaseError : TBfuncionario: Cannot perform this operation on a closed dataset : Addr: $00622C7E
RadioVitrine.exe: 00001A94: 11:03:52 [127.0.0.1]:EUniSessionException : Invalid session or session Timeout. : Addr: $00780AD5
RadioVitrine.exe: 00001948: 11:51:59 [TUniServerModule]:Shutting Down Server.
RadioVitrine.exe: 00001948: 11:52:00 [TUniServerModule]:HTTP Server Stopped.
RadioVitrine.exe: 00001948: 11:52:00 [TUniGUISessionManager]:Terminating Session manager.
RadioVitrine.exe: 00001948: 11:52:00 [TUniGUISessionManager]:Stopping Cache Eraser...
RadioVitrine.exe: 00001948: 11:52:00 [TUniGUISessionManager]:Cache Eraser Stopped.
RadioVitrine.exe: 00001948: 11:52:00 [TUniGUISessionManager]:Destroying Worker Threads.
RadioVitrine.exe: 00001948: 11:52:00 [TUniGUISessionManager]:Session manager terminated.
RadioVitrine.exe: 00001948: 11:52:00 [TUniServerModule]:Server Shutdown Completed.
RadioVitrine.exe: 00001948: 11:52:00 []:<-------------------------------------------------------------->
RadioVitrine.exe: 00001948: 11:52:00 [Terminated]:Exit Code: 0
RadioVitrine.exe: 00000FA8: 11:52:17 []:>--------------------------------------------------------------<
RadioVitrine.exe: 00000FA8: 11:52:17 [TUniServerModule]:Server First Init.
RadioVitrine.exe: 00000FA8: 11:52:17 [TUniServerModule]:Erasing Cache Folder...
RadioVitrine.exe: 00000FA8: 11:52:17 [TUniServerModule]:Cache Folder Erased. <0> Files deleted.
RadioVitrine.exe: 00000FA8: 11:52:17 [TUniServerModule]:Starting HTTP Server...
RadioVitrine.exe: 00000FA8: 11:52:17 [TUniServerModule]:HTTP Server Started. Port: 8077
RadioVitrine.exe: 00001238: 11:53:21 [127.0.0.1]:EDatabaseError : TBfuncionario: Cannot perform this operation on a closed dataset : Addr: $00622C7E
RadioVitrine.exe: 00000FA8: 11:54:14 [TUniServerModule]:Shutting Down Server.
RadioVitrine.exe: 00000FA8: 11:54:15 [TUniServerModule]:HTTP Server Stopped.
RadioVitrine.exe: 00000FA8: 11:54:15 [TUniGUISessionManager]:Terminating Session manager.
RadioVitrine.exe: 00000FA8: 11:54:15 [TUniGUISessionManager]:Stopping Cache Eraser...
RadioVitrine.exe: 00000FA8: 11:54:15 [TUniGUISessionManager]:Cache Eraser Stopped.
RadioVitrine.exe: 00000FA8: 11:54:15 [TUniGUISessionManager]:Destroying Worker Threads.
RadioVitrine.exe: 00000FA8: 11:54:15 [TUniGUISessionManager]:Session manager terminated.
RadioVitrine.exe: 00000FA8: 11:54:15 [TUniServerModule]:Server Shutdown Completed.
RadioVitrine.exe: 00000FA8: 11:54:15 []:<-------------------------------------------------------------->
RadioVitrine.exe: 00000FA8: 11:54:15 [Terminated]:Exit Code: 0
RadioVitrine.exe: 00000F08: 11:54:20 []:>--------------------------------------------------------------<
RadioVitrine.exe: 00000F08: 11:54:20 [TUniServerModule]:Server First Init.
RadioVitrine.exe: 00000F08: 11:54:20 [TUniServerModule]:Erasing Cache Folder...
RadioVitrine.exe: 00000F08: 11:54:20 [TUniServerModule]:Cache Folder Erased. <0> Files deleted.
RadioVitrine.exe: 00000F08: 11:54:20 [TUniServerModule]:Starting HTTP Server...
RadioVitrine.exe: 00000F08: 11:54:20 [TUniServerModule]:HTTP Server Started. Port: 8077
RadioVitrine.exe: 00001910: 11:54:28 [127.0.0.1]:EUniSessionException : Invalid session or session Timeout. : Addr: $00780CED
RadioVitrine.exe: 00001C34: 11:54:40 [127.0.0.1]:EDatabaseError : TBfuncionario: Cannot perform this operation on a closed dataset : Addr: $00622C7E
RadioVitrine.exe: 00000F08: 11:55:11 [TUniServerModule]:Shutting Down Server.
RadioVitrine.exe: 00000F08: 11:55:11 [TUniServerModule]:HTTP Server Stopped.
RadioVitrine.exe: 00000F08: 11:55:11 [TUniGUISessionManager]:Terminating Session manager.
RadioVitrine.exe: 00000F08: 11:55:11 [TUniGUISessionManager]:Stopping Cache Eraser...
RadioVitrine.exe: 00000F08: 11:55:11 [TUniGUISessionManager]:Cache Eraser Stopped.
RadioVitrine.exe: 00000F08: 11:55:11 [TUniGUISessionManager]:Destroying Worker Threads.
RadioVitrine.exe: 00000F08: 11:55:11 [TUniGUISessionManager]:Session manager terminated.
RadioVitrine.exe: 00000F08: 11:55:11 [TUniServerModule]:Server Shutdown Completed.
RadioVitrine.exe: 00000F08: 11:55:11 []:<-------------------------------------------------------------->
RadioVitrine.exe: 00000F08: 11:55:11 [Terminated]:Exit Code: 0
RadioVitrine.exe: 00001B84: 11:55:37 []:>--------------------------------------------------------------<
RadioVitrine.exe: 00001B84: 11:55:37 [TUniServerModule]:Server First Init.
RadioVitrine.exe: 00001B84: 11:55:37 [TUniServerModule]:Erasing Cache Folder...
RadioVitrine.exe: 00001B84: 11:55:37 [TUniServerModule]:Cache Folder Erased. <0> Files deleted.
RadioVitrine.exe: 00001B84: 11:55:37 [TUniServerModule]:Starting HTTP Server...
RadioVitrine.exe: 00001B84: 11:55:37 [TUniServerModule]:HTTP Server Started. Port: 8077
RadioVitrine.exe: 00001AA4: 11:55:45 [127.0.0.1]:EDatabaseError : TBfuncionario: Cannot perform this operation on a closed dataset : Addr: $00622C7E
RadioVitrine.exe: 00001B84: 11:57:26 [TUniServerModule]:Shutting Down Server.
RadioVitrine.exe: 00001B84: 11:57:26 [TUniServerModule]:HTTP Server Stopped.
RadioVitrine.exe: 00001B84: 11:57:26 [TUniGUISessionManager]:Terminating Session manager.
RadioVitrine.exe: 00001B84: 11:57:26 [TUniGUISessionManager]:Stopping Cache Eraser...
RadioVitrine.exe: 00001B84: 11:57:26 [TUniGUISessionManager]:Cache Eraser Stopped.
RadioVitrine.exe: 00001B84: 11:57:26 [TUniGUISessionManager]:Destroying Worker Threads.
RadioVitrine.exe: 00001B84: 11:57:26 [TUniGUISessionManager]:Session manager terminated.
RadioVitrine.exe: 00001B84: 11:57:26 [TUniServerModule]:Server Shutdown Completed.
RadioVitrine.exe: 00001B84: 11:57:26 []:<-------------------------------------------------------------->
RadioVitrine.exe: 00001B84: 11:57:26 [Terminated]:Exit Code: 0
RadioVitrine.exe: 00001118: 11:57:31 []:>--------------------------------------------------------------<
RadioVitrine.exe: 00001118: 11:57:31 [TUniServerModule]:Server First Init.
RadioVitrine.exe: 00001118: 11:57:31 [TUniServerModule]:Erasing Cache Folder...
RadioVitrine.exe: 00001118: 11:57:31 [TUniServerModule]:Cache Folder Erased. <0> Files deleted.
RadioVitrine.exe: 00001118: 11:57:31 [TUniServerModule]:Starting HTTP Server...
RadioVitrine.exe: 00001118: 11:57:31 [TUniServerModule]:HTTP Server Started. Port: 8077
RadioVitrine.exe: 00001B50: 11:58:02 [127.0.0.1]:EUniSessionException : Invalid session or session Timeout. : Addr: $00780CED
RadioVitrine.exe: 00001118: 12:04:00 [TUniServerModule]:Shutting Down Server.
RadioVitrine.exe: 00001118: 12:04:01 [TUniServerModule]:HTTP Server Stopped.
RadioVitrine.exe: 00001118: 12:04:01 [TUniGUISessionManager]:Terminating Session manager.
RadioVitrine.exe: 00001118: 12:04:01 [TUniGUISessionManager]:Stopping Cache Eraser...
RadioVitrine.exe: 00001118: 12:04:01 [TUniGUISessionManager]:Cache Eraser Stopped.
RadioVitrine.exe: 00001118: 12:04:01 [TUniGUISessionManager]:Destroying Worker Threads.
RadioVitrine.exe: 00001118: 12:04:01 [TUniGUISessionManager]:Session manager terminated.
RadioVitrine.exe: 00001118: 12:04:01 [TUniServerModule]:Server Shutdown Completed.
RadioVitrine.exe: 00001118: 12:04:01 []:<-------------------------------------------------------------->
RadioVitrine.exe: 00001118: 12:04:01 [Terminated]:Exit Code: 0
RadioVitrine.exe: 00000A14: 12:04:05 []:>--------------------------------------------------------------<
RadioVitrine.exe: 00000A14: 12:04:05 [TUniServerModule]:Server First Init.
RadioVitrine.exe: 00000A14: 12:04:05 [TUniServerModule]:Erasing Cache Folder...
RadioVitrine.exe: 00000A14: 12:04:05 [TUniServerModule]:Cache Folder Erased. <0> Files deleted.
RadioVitrine.exe: 00000A14: 12:04:06 [TUniServerModule]:Starting HTTP Server...
RadioVitrine.exe: 00000A14: 12:04:06 [TUniServerModule]:HTTP Server Started. Port: 8077
RadioVitrine.exe: 000016B0: 12:04:16 [127.0.0.1]:EUniSessionException : Invalid session or session Timeout. : Addr: $00780CED
RadioVitrine.exe: 00000A14: 12:05:40 [TUniServerModule]:Shutting Down Server.
RadioVitrine.exe: 00000A14: 12:05:40 [TUniServerModule]:HTTP Server Stopped.
RadioVitrine.exe: 00000A14: 12:05:40 [TUniGUISessionManager]:Terminating Session manager.
RadioVitrine.exe: 00000A14: 12:05:40 [TUniGUISessionManager]:Stopping Cache Eraser...
RadioVitrine.exe: 00000A14: 12:05:40 [TUniGUISessionManager]:Cache Eraser Stopped.
RadioVitrine.exe: 00000A14: 12:05:40 [TUniGUISessionManager]:Destroying Worker Threads.
RadioVitrine.exe: 00000A14: 12:05:40 [TUniGUISessionManager]:Session manager terminated.
RadioVitrine.exe: 00000A14: 12:05:40 [TUniServerModule]:Server Shutdown Completed.
RadioVitrine.exe: 00000A14: 12:05:40 []:<-------------------------------------------------------------->
RadioVitrine.exe: 00000A14: 12:05:40 [Terminated]:Exit Code: 0
RadioVitrine.exe: 00001210: 12:05:45 []:>--------------------------------------------------------------<
RadioVitrine.exe: 00001210: 12:05:45 [TUniServerModule]:Server First Init.
RadioVitrine.exe: 00001210: 12:05:45 [TUniServerModule]:Erasing Cache Folder...
RadioVitrine.exe: 00001210: 12:05:45 [TUniServerModule]:Cache Folder Erased. <0> Files deleted.
RadioVitrine.exe: 00001210: 12:05:45 [TUniServerModule]:Starting HTTP Server...
RadioVitrine.exe: 00001210: 12:05:45 [TUniServerModule]:HTTP Server Started. Port: 8077
RadioVitrine.exe: 000019BC: 12:05:50 [127.0.0.1]:EUniSessionException : Invalid session or session Timeout. : Addr: $00780CED
RadioVitrine.exe: 00001210: 12:09:16 [TUniServerModule]:Shutting Down Server.
RadioVitrine.exe: 00001210: 12:09:16 [TUniServerModule]:HTTP Server Stopped.
RadioVitrine.exe: 00001210: 12:09:16 [TUniGUISessionManager]:Terminating Session manager.
RadioVitrine.exe: 00001210: 12:09:16 [TUniGUISessionManager]:Stopping Cache Eraser...
RadioVitrine.exe: 00001210: 12:09:16 [TUniGUISessionManager]:Cache Eraser Stopped.
RadioVitrine.exe: 00001210: 12:09:16 [TUniGUISessionManager]:Destroying Worker Threads.
RadioVitrine.exe: 00001210: 12:09:16 [TUniGUISessionManager]:Session manager terminated.
RadioVitrine.exe: 00001210: 12:09:16 [TUniServerModule]:Server Shutdown Completed.
RadioVitrine.exe: 00001210: 12:09:16 []:<-------------------------------------------------------------->
RadioVitrine.exe: 00001210: 12:09:16 [Terminated]:Exit Code: 0
RadioVitrine.exe: 0000191C: 12:10:57 []:>--------------------------------------------------------------<
RadioVitrine.exe: 0000191C: 12:10:57 [TUniServerModule]:Server First Init.
RadioVitrine.exe: 0000191C: 12:10:57 [TUniServerModule]:Erasing Cache Folder...
RadioVitrine.exe: 0000191C: 12:10:57 [TUniServerModule]:Cache Folder Erased. <0> Files deleted.
RadioVitrine.exe: 0000191C: 12:10:57 [TUniServerModule]:Starting HTTP Server...
RadioVitrine.exe: 0000191C: 12:10:57 [TUniServerModule]:HTTP Server Started. Port: 2329
RadioVitrine.exe: 0000191C: 12:11:27 [TUniServerModule]:Shutting Down Server.
RadioVitrine.exe: 0000191C: 12:11:28 [TUniServerModule]:HTTP Server Stopped.
RadioVitrine.exe: 0000191C: 12:11:28 [TUniGUISessionManager]:Terminating Session manager.
RadioVitrine.exe: 0000191C: 12:11:28 [TUniGUISessionManager]:Stopping Cache Eraser...
RadioVitrine.exe: 0000191C: 12:11:28 [TUniGUISessionManager]:Cache Eraser Stopped.
RadioVitrine.exe: 0000191C: 12:11:28 [TUniGUISessionManager]:Destroying Worker Threads.
RadioVitrine.exe: 0000191C: 12:11:28 [TUniGUISessionManager]:Session manager terminated.
RadioVitrine.exe: 0000191C: 12:11:28 [TUniServerModule]:Server Shutdown Completed.
RadioVitrine.exe: 0000191C: 12:11:28 []:<-------------------------------------------------------------->
RadioVitrine.exe: 0000191C: 12:11:28 [Terminated]:Exit Code: 0
RadioVitrine.exe: 000016B8: 18:20:02 []:>--------------------------------------------------------------<
RadioVitrine.exe: 000016B8: 18:20:02 [TUniServerModule]:Server First Init.
RadioVitrine.exe: 000016B8: 18:20:02 [TUniServerModule]:Erasing Cache Folder...
RadioVitrine.exe: 000016B8: 18:20:02 [TUniServerModule]:Cache Folder Erased. <0> Files deleted.
RadioVitrine.exe: 000016B8: 18:20:03 [TUniServerModule]:Starting HTTP Server...
RadioVitrine.exe: 000016B8: 18:20:03 [TUniServerModule]:HTTP Server Started. Port: 2329
RadioVitrine.exe: 000016B8: 18:30:52 [TUniServerModule]:Shutting Down Server.
RadioVitrine.exe: 000016B8: 18:30:53 [TUniServerModule]:HTTP Server Stopped.
RadioVitrine.exe: 000016B8: 18:30:53 [TUniGUISessionManager]:Terminating Session manager.
RadioVitrine.exe: 000016B8: 18:30:53 [TUniGUISessionManager]:Stopping Cache Eraser...
RadioVitrine.exe: 000016B8: 18:30:53 [TUniGUISessionManager]:Cache Eraser Stopped.
RadioVitrine.exe: 000016B8: 18:30:53 [TUniGUISessionManager]:Destroying Worker Threads.
RadioVitrine.exe: 000016B8: 18:30:53 [TUniGUISessionManager]:Session manager terminated.
RadioVitrine.exe: 000016B8: 18:30:53 [TUniServerModule]:Server Shutdown Completed.
RadioVitrine.exe: 000016B8: 18:30:53 []:<-------------------------------------------------------------->
RadioVitrine.exe: 000016B8: 18:30:53 [Terminated]:Exit Code: 0
RadioVitrine.exe: 00000FF0: 18:34:43 []:>--------------------------------------------------------------<
RadioVitrine.exe: 00000FF0: 18:34:43 [TUniServerModule]:Server First Init.
RadioVitrine.exe: 00000FF0: 18:34:43 [TUniServerModule]:Erasing Cache Folder...
RadioVitrine.exe: 00000FF0: 18:34:43 [TUniServerModule]:Cache Folder Erased. <0> Files deleted.
RadioVitrine.exe: 00000FF0: 18:34:43 [TUniServerModule]:Starting HTTP Server...
RadioVitrine.exe: 00000FF0: 18:34:43 [TUniServerModule]:HTTP Server Started. Port: 2329
